#-----------------------------------------------------------
# Vivado v2018.2 (64-bit)
# SW Build 2258646 on Thu Jun 14 20:03:12 MDT 2018
# IP Build 2256618 on Thu Jun 14 22:10:49 MDT 2018
# Start of session at: Fri Feb  9 10:41:31 2024
# Process ID: 24828
# Current directory: C:/Users/Cavan.Cook/ECE_Code/ece281-ice3
# Command line: vivado.exe -gui_launcher_event rodinguilauncherevent8996 C:\Users\Cavan.Cook\ECE_Code\ece281-ice3\fullAdder.xpr
# Log file: C:/Users/Cavan.Cook/ECE_Code/ece281-ice3/vivado.log
# Journal file: C:/Users/Cavan.Cook/ECE_Code/ece281-ice3\vivado.jou
#-----------------------------------------------------------
start_gui
open_project C:/Users/Cavan.Cook/ECE_Code/ece281-ice3/fullAdder.xpr
Scanning sources...
Finished scanning sources
WARNING: [filemgmt 56-3] IPUserFilesDir: Could not find the directory 'C:/Users/Cavan.Cook/ECE_Code/ece281-ice3/fullAdder.ip_user_files'.
INFO: [IP_Flow 19-234] Refreshing IP repositories
INFO: [IP_Flow 19-1704] No user IP repositories specified
INFO: [IP_Flow 19-2313] Loaded Vivado IP repository 'C:/Xilinx/Vivado/2018.2/data/ip'.
open_project: Time (s): cpu = 00:00:11 ; elapsed = 00:00:15 . Memory (MB): peak = 793.102 ; gain = 52.984
update_compile_order -fileset sources_1
set_property SOURCE_SET {} [get_filesets sim_1]
add_files -fileset sim_1 -norecurse C:/Users/Cavan.Cook/ECE_Code/ece281-ice2/src/hdl/halfAdder.vhd
update_compile_order -fileset sim_1
update_compile_order -fileset sources_1
update_compile_order -fileset sources_1
update_compile_order -fileset sources_1
